======================================================================
Nil3 Spin-2 Quintet Splitting  -- Theorem 7
======================================================================

----------------------------------------------------------------------
Step 1: Nil3 squash + shear engine
----------------------------------------------------------------------
  epsilon = epsilon
  s       = s

  C^2_01 = -1/(R*(epsilon + 1)**(4/3)*(s + 1)**2)
  C^2_01 matches expected -(1+eps)^(-4/3)*(1+s)^(-2)/R: True

----------------------------------------------------------------------
Step 2: Spin-2 squash-shear 2x2 mass matrix at Nil3 EC slice minimum
----------------------------------------------------------------------

  d2V/deps2 |_(eps=s=0) = (1056*pi**4*L*R**2 - 19456*pi**4*L*alpha*kappa**2)/(27*R*kappa**2)
  d2V/ds2   |_(eps=s=0) = (80*pi**4*L*R**2 - 1536*pi**4*L*alpha*kappa**2)/(R*kappa**2)
  d2V/deps_ds|_(eps=s=0) = (384*pi**4*L*R**2 - 8192*pi**4*L*alpha*kappa**2)/(9*R*kappa**2)

  2x2 mass matrix M:
    [[(1056*pi**4*L*R**2 - 19456*pi**4*L*alpha*kappa**2)/(27*R*kappa**2), (384*pi**4*L*R**2 - 8192*pi**4*L*alpha*kappa**2)/(9*R*kappa**2)],
     [(384*pi**4*L*R**2 - 8192*pi**4*L*alpha*kappa**2)/(9*R*kappa**2), (80*pi**4*L*R**2 - 1536*pi**4*L*alpha*kappa**2)/(R*kappa**2)]]

  det(M) = (105984*pi**8*L**2*R**4 - 3244032*pi**8*L**2*R**2*alpha*kappa**2 + 22544384*pi**8*L**2*alpha**2*kappa**4)/(81*R**2*kappa**4)
  tr(M)  = (3216*pi**4*L*R**2 - 60928*pi**4*L*alpha*kappa**2)/(27*R*kappa**2)

  Numerical at r0=2.3094, a=kappa=L=1, eta=0 (alpha=-1):
    d2V/deps2  = 3.919245e+04
    d2V/ds2    = 8.278405e+04
    d2V/deps_ds = 4.799075e+04

  Eigenvalues (numerical):
    lambda_+ = 1.136966e+05
    lambda_- = 8.279907e+03
    Both eigenvalues > 0: EC slice minimum STABLE in squash+shear

  Cross-check: squash-only vs squash+shear (eps component):
    squash-only d2V/deps2 = 3.919245e+04
    squash+shear d2V/deps2 = 3.919245e+04
    Match: PASS

----------------------------------------------------------------------
Step 3: Off-diagonal DOFs (q3, q4, q5) -- implementation check
----------------------------------------------------------------------

  enable_offdiag_shear field: present
  Off-diagonal DOFs implemented in Nil3
    m^2(q3) = 0.000000e+00
    m^2(q4) = 1.079792e+04
    m^2(q5) = 1.079792e+04

======================================================================
Nil3 Spin-2 Quintet Splitting Summary (Theorem 7)
======================================================================

  At the Nil3 EC slice minimum (r0 = 4*kappa/sqrt(3)*sqrt(|alpha|), eta=0):

  2x2 (eps, s) block:
    lambda_+ (heavy squash/shear) = 1.136966e+05
    lambda_- (light squash/shear) = 8.279907e+03

  Off-diagonal block:
    m^2(q3) = 0.000000e+00
    m^2(q4) = 1.079792e+04
    m^2(q5) = 1.079792e+04

  Splitting pattern (Theorem 7):
    LC isotropic: 5-plet (approximate degeneracy)
    EC slice minimum: 0 + 2 + 1 + 1 (broken by C^2_01 = 1/R direction)

  Contrast with S3:
    S3: SO(3) exact 5-plet degeneracy
    Nil3: C^2_01 breaks SO(3) -> splits quintet

  2x2 mass stability: STABLE
  eps-component cross-check: PASS

Computation time: 267.0s

*Script: scripts/paper03ec/nil3_spin2_quintet_splitting.py
