======================================================================
S3 MX Vacuum Search under EC-Weyl
======================================================================

Step 0: symbolic input
----------------------------------------------------------------------
  V_eff_LC = 2*pi**2*V**2*r**3/3 + 4*pi**2*V*eta*r**2*theta_NY + 6*pi**2*eta**2*r - 24*pi**2*r
  delta_V_eff (EC-LC) = -32*pi**2*V**2*alpha*eta**2*r/3

Step 1: exact stationary equations
----------------------------------------------------------------------
  dV/dr = -32*pi**2*V**2*alpha*eta**2/3 + 2*pi**2*V**2*r**2 + 8*pi**2*V*eta*r*theta_NY + 6*pi**2*eta**2 - 24*pi**2
  dV/deta = -64*pi**2*V**2*alpha*eta*r/3 + 4*pi**2*V*r**2*theta_NY + 12*pi**2*eta*r
  dV/dV = -64*pi**2*V*alpha*eta**2*r/3 + 4*pi**2*V*r**3/3 + 4*pi**2*eta*r**2*theta_NY

Step 2: theta_NY = 0 analytic MX branch
----------------------------------------------------------------------
  On the MX branch (eta*V != 0), the theta_NY = 0 stationary equations give
    V*   = +/- 3/(4*sqrt(alpha))
    eta* = +/- 2/sqrt(3)
    r*   = 8*sqrt(3)*sqrt(alpha)/3
  Therefore alpha < 0 gives no finite real MX stationary point.
  Sample Hessian eigenvalues at alpha = 1, theta_NY = 0:
    [-1733.3974355     96.51582797  1739.44954516]
  One eigenvalue is negative, so the real MX point is a saddle.

Step 3: numerical root search and Hessian check
----------------------------------------------------------------------
  Sampled box for root search: 0.2 < r < 20, |eta| <= 3, |V| <= 3

  theta_NY = +0.00, alpha = -1.00
    no finite real root found

  theta_NY = +0.00, alpha = -0.20
    no finite real root found

  theta_NY = +0.50, alpha = -1.00
    no finite real root found

  theta_NY = -0.50, alpha = -1.00
    no finite real root found

  theta_NY = +0.00, alpha = +0.20
    r=2.065591, eta=-1.154701, V=-1.677051, in_dict=True, stable=False, eig=[-367.88   162.904  434.325]
    r=2.065591, eta=-1.154701, V=+1.677051, in_dict=True, stable=False, eig=[-367.88   162.904  434.325]
    r=2.065591, eta=+1.154701, V=-1.677051, in_dict=True, stable=False, eig=[-367.88   162.904  434.325]
    r=2.065591, eta=+1.154701, V=+1.677051, in_dict=True, stable=False, eig=[-367.88   162.904  434.325]

  theta_NY = +0.00, alpha = +1.00
    r=4.618802, eta=+1.154701, V=-0.750000, in_dict=True, stable=False, eig=[-1733.397    96.516  1739.45 ]
    r=4.618802, eta=+1.154701, V=+0.750000, in_dict=True, stable=False, eig=[-1733.397    96.516  1739.45 ]
    r=4.618802, eta=-1.154701, V=-0.750000, in_dict=True, stable=False, eig=[-1733.397    96.516  1739.45 ]
    r=4.618802, eta=-1.154701, V=+0.750000, in_dict=True, stable=False, eig=[-1733.397    96.516  1739.45 ]

  theta_NY = +0.50, alpha = +0.20
    r=1.377061, eta=-0.942809, V=-2.053960, in_dict=True, stable=False, eig=[-267.115  123.494  350.691]
    r=1.377061, eta=+0.942809, V=+2.053960, in_dict=True, stable=False, eig=[-267.115  123.494  350.691]
    r=4.131182, eta=-1.632993, V=+1.185854, in_dict=True, stable=False, eig=[-709.776   99.683 1471.539]
    r=4.131182, eta=+1.632993, V=-1.185854, in_dict=True, stable=False, eig=[-709.776   99.683 1471.539]

  theta_NY = +0.50, alpha = +1.00
    r=9.237604, eta=+1.632993, V=-0.530330, in_dict=True, stable=False, eig=[-2751.603    49.747  8503.91 ]
    r=3.079201, eta=+0.942809, V=+0.918559, in_dict=True, stable=False, eig=[-1168.552   139.94    790.929]
    r=3.079201, eta=-0.942809, V=-0.918559, in_dict=True, stable=False, eig=[-1168.552   139.94    790.929]
    r=9.237604, eta=-1.632993, V=+0.530330, in_dict=True, stable=False, eig=[-2751.603    49.747  8503.91 ]

  theta_NY = -0.50, alpha = +1.00
    r=3.079201, eta=+0.942809, V=-0.918559, in_dict=True, stable=False, eig=[-1168.552   139.94    790.929]
    r=9.237604, eta=+1.632993, V=+0.530330, in_dict=True, stable=False, eig=[-2751.603    49.747  8503.91 ]
    r=9.237604, eta=-1.632993, V=-0.530330, in_dict=True, stable=False, eig=[-2751.603    49.747  8503.91 ]
    r=3.079201, eta=-0.942809, V=+0.918559, in_dict=True, stable=False, eig=[-1168.552   139.94    790.929]

Step 4: representative 1D radial well
----------------------------------------------------------------------
  Fix (eta, V, theta_NY, alpha) = (1.2, 0.8, 0.5, 1.0)
  The 1D radial extremum is at r = 3.182948
  d2V/dr2 at that point = 118.320236
  dV/deta at that point = 97.658573
  dV/dV   at that point = -192.581743
  This is a radial well on a fixed slice, not a full stationary vacuum.

======================================================================
S3 MX Vacuum Search Summary
======================================================================
  Real roots found in the sampled cases: 20
  Stable full stationary vacua inside the sampled dictionary box: 0
  Verdict: no stable S3 MX full stationary vacuum was found in the sampled dictionary range.

Computation time: 2.2s

*Script: scripts/paper03ec/s3_mx_vacuum_search.py
