======================================================================
Squash-Shear Cross-Term Classification  -- Theorem 9
======================================================================

  Numerical parameters: L=kappa=eta=1, r_S3=3.0, r_T3=3.0, r_Nil3=2.3094

----------------------------------------------------------------------
Step 0: Volume eps,s-dependence (kinematic vs curvature origin)
----------------------------------------------------------------------

  S3: volume not in data dict

  T3: volume not in data dict

  Nil3: volume not in data dict

----------------------------------------------------------------------
Step 1: T3 AX d2V/deps_ds (kinematic origin)
----------------------------------------------------------------------

  d2V/deps_ds|_(eps=s=0) = 48*pi**4*L*eta**2*r/kappa**2
  Numerical (r=3.0, L=kappa=eta=1): 1.402691e+04
  Expected 48*pi^4*L*eta^2*r/kappa^2:       1.402691e+04
  Match: PASS

  alpha-independent: True  => NOT Weyl/graviton mass (kinematic origin)

----------------------------------------------------------------------
Step 2: S3 AX d2V/deps_ds (volume-preserving + s->-s symmetry => 0)
----------------------------------------------------------------------

  Computing S3 d2V/deps_ds...
  d2V/deps_ds|_(eps=s=0) = 0
  S3 d2V/deps_ds = 0: PASS (SymPy exact)
  Numerical (r=3.0, L=kappa=eta=1): 0.000000e+00  (expect: 0.0)

  Explanation:
    Volume(S3; eps, s) = 2*pi^2*L*r^3 = const w.r.t. eps, s
    => no kinematic mixing from volume
    S3 squash+shear V_eff has s -> -s symmetry (odd powers cancel)
    => d2V/deps_ds = 0 (confirmed)

----------------------------------------------------------------------
Step 3: Nil3 AX d2V/deps_ds (curvature/Weyl origin, alpha-dependent)
----------------------------------------------------------------------

  Computing Nil3 d2V/deps_ds...
  d2V/deps_ds|_(eps=s=0) = (384*pi**4*L*R**2 - 8192*pi**4*L*alpha*kappa**2)/(9*R*kappa**2)
  Nil3 d2V/deps_ds != 0: PASS
  alpha-dependent: True  => CURVATURE/WEYL origin confirmed

  alpha-dependence check (Nil3 cross-term vs alpha):
    alpha=  0.0: d2V/deps_ds = 9.5982e+03
    alpha= -1.0: d2V/deps_ds = 4.7991e+04

  Explanation:
    Volume(Nil3; eps, s) = (2*pi)^4*L*R^3 = const w.r.t. eps, s
    => no kinematic mixing from volume (volume-preserving)
    C^2_01(eps, s) depends on eps, s (asymmetrically in s)
    => alpha * C^2_EC coupling generates nonzero d2V/deps_ds
    => pure curvature/Weyl origin (not kinematic)

======================================================================
Squash-Shear Cross-Term Summary  (Theorem 9)
======================================================================

  Topology            d2V/deps_ds           Volume-pres.   alpha-dep.   Origin
  ----------------------------------------------------------------------------------
  T3         48*pi^4*L*eta^2*r/kappa^2 != 0       No            No      kinematic (volume)
  S3                0 (SymPy exact)              Yes            No      zero (vol-pres + symmetry)
  Nil3       (384-8192*alpha*kappa^2/R)*...      Yes           Yes      curvature/Weyl

  Physical interpretation:
    T3:   volume ∝ (1+eps)*(1+s) => kinematic mixing => d2V/deps_ds != 0
          C2_EC = 0 (flat) => no Weyl contribution
    S3:   volume-preserving + s->-s symmetry => d2V/deps_ds = 0 exactly
    Nil3: volume-preserving, but C^2_01(eps,s) asymmetric in s
          => alpha * C^2_EC => curvature/Weyl cross-term

  This table forms the core of Theorem 9 (eps-s cross-term classification).

  Theorem 9 verification: PASS

Computation time: 11.8s

*Script: scripts/paper03ec/squash_shear_cross_term.py
